<?xml version="1.0" encoding="UTF-8"?>
<testng-results ignored="0" total="7" passed="6" failed="1" skipped="0">
  <reporter-output>
  </reporter-output>
  <suite started-at="2018-10-06T02:46:07Z" name="Default suite" finished-at="2018-10-06T02:46:07Z" duration-ms="439">
    <groups>
    </groups>
    <test started-at="2018-10-06T02:46:07Z" name="Default test" finished-at="2018-10-06T02:46:07Z" duration-ms="439">
      <class name="testNG_Package.Randomtime">
        <test-method signature="Cron_Tab()[pri:0, instance:testNG_Package.Randomtime@2de23121]" started-at="2018-10-06T02:46:07Z" name="Cron_Tab" finished-at="2018-10-06T02:46:07Z" duration-ms="47" status="FAIL">
          <exception class="java.lang.NullPointerException">
            <full-stacktrace>
              <![CDATA[java.lang.NullPointerException
at testNG_Package.Randomtime.Cron_Tab(Randomtime.java:63)
at java.base/jdk.internal.reflect.NativeMethodAccessorImpl.invoke0(Native Method)
at java.base/jdk.internal.reflect.NativeMethodAccessorImpl.invoke(Unknown Source)
at java.base/jdk.internal.reflect.DelegatingMethodAccessorImpl.invoke(Unknown Source)
at java.base/java.lang.reflect.Method.invoke(Unknown Source)
at org.testng.internal.MethodInvocationHelper.invokeMethod(MethodInvocationHelper.java:124)
at org.testng.internal.Invoker.invokeMethod(Invoker.java:580)
at org.testng.internal.Invoker.invokeTestMethod(Invoker.java:716)
at org.testng.internal.Invoker.invokeTestMethods(Invoker.java:988)
at org.testng.internal.TestMethodWorker.invokeTestMethods(TestMethodWorker.java:125)
at org.testng.internal.TestMethodWorker.run(TestMethodWorker.java:109)
at org.testng.TestRunner.privateRun(TestRunner.java:648)
at org.testng.TestRunner.run(TestRunner.java:505)
at org.testng.SuiteRunner.runTest(SuiteRunner.java:455)
at org.testng.SuiteRunner.runSequentially(SuiteRunner.java:450)
at org.testng.SuiteRunner.privateRun(SuiteRunner.java:415)
at org.testng.SuiteRunner.run(SuiteRunner.java:364)
at org.testng.SuiteRunnerWorker.runSuite(SuiteRunnerWorker.java:52)
at org.testng.SuiteRunnerWorker.run(SuiteRunnerWorker.java:84)
at org.testng.TestNG.runSuitesSequentially(TestNG.java:1208)
at org.testng.TestNG.runSuitesLocally(TestNG.java:1137)
at org.testng.TestNG.runSuites(TestNG.java:1049)
at org.testng.TestNG.run(TestNG.java:1017)
at org.testng.remote.AbstractRemoteTestNG.run(AbstractRemoteTestNG.java:114)
at org.testng.remote.RemoteTestNG.initAndRun(RemoteTestNG.java:251)
at org.testng.remote.RemoteTestNG.main(RemoteTestNG.java:77)
]]>
            </full-stacktrace>
          </exception> <!-- java.lang.NullPointerException -->
          <reporter-output>
          </reporter-output>
        </test-method> <!-- Cron_Tab -->
        <test-method signature="Current_local_Time()[pri:0, instance:testNG_Package.Randomtime@2de23121]" started-at="2018-10-06T02:46:07Z" name="Current_local_Time" finished-at="2018-10-06T02:46:07Z" duration-ms="94" status="PASS">
          <reporter-output>
          </reporter-output>
        </test-method> <!-- Current_local_Time -->
        <test-method signature="Elapsed_minutes()[pri:0, instance:testNG_Package.Randomtime@2de23121]" started-at="2018-10-06T02:46:07Z" name="Elapsed_minutes" finished-at="2018-10-06T02:46:07Z" duration-ms="16" status="PASS">
          <reporter-output>
          </reporter-output>
        </test-method> <!-- Elapsed_minutes -->
        <test-method signature="RandomTime_into_LocalTime()[pri:0, instance:testNG_Package.Randomtime@2de23121]" started-at="2018-10-06T02:46:07Z" name="RandomTime_into_LocalTime" finished-at="2018-10-06T02:46:07Z" duration-ms="16" status="PASS">
          <reporter-output>
          </reporter-output>
        </test-method> <!-- RandomTime_into_LocalTime -->
        <test-method signature="Random_Minutes()[pri:0, instance:testNG_Package.Randomtime@2de23121]" started-at="2018-10-06T02:46:07Z" name="Random_Minutes" finished-at="2018-10-06T02:46:07Z" duration-ms="0" status="PASS">
          <reporter-output>
          </reporter-output>
        </test-method> <!-- Random_Minutes -->
        <test-method signature="Random_Time_After_Added()[pri:0, instance:testNG_Package.Randomtime@2de23121]" started-at="2018-10-06T02:46:07Z" name="Random_Time_After_Added" finished-at="2018-10-06T02:46:07Z" duration-ms="15" status="PASS">
          <reporter-output>
          </reporter-output>
        </test-method> <!-- Random_Time_After_Added -->
        <test-method signature="Remaining_Minutes()[pri:0, instance:testNG_Package.Randomtime@2de23121]" started-at="2018-10-06T02:46:07Z" name="Remaining_Minutes" finished-at="2018-10-06T02:46:07Z" duration-ms="0" status="PASS">
          <reporter-output>
          </reporter-output>
        </test-method> <!-- Remaining_Minutes -->
      </class> <!-- testNG_Package.Randomtime -->
    </test> <!-- Default test -->
  </suite> <!-- Default suite -->
</testng-results>
